<?xml version="1.0" encoding="UTF-8"?>
<testng-results skipped="0" failed="0" ignored="0" total="1" passed="1">
  <reporter-output>
  </reporter-output>
  <suite name="Default suite" duration-ms="40676" started-at="2018-03-21T14:52:24Z" finished-at="2018-03-21T14:53:04Z">
    <groups>
    </groups>
    <test name="Default test" duration-ms="40676" started-at="2018-03-21T14:52:24Z" finished-at="2018-03-21T14:53:04Z">
      <class name="com.snaptrude.tests.EmailSubcription">
        <test-method status="PASS" signature="setUp()[pri:0, instance:com.snaptrude.tests.EmailSubcription@30a3107a]" name="setUp" is-config="true" duration-ms="36043" started-at="2018-03-21T20:22:24Z" finished-at="2018-03-21T20:23:00Z">
          <reporter-output>
          </reporter-output>
        </test-method> <!-- setUp -->
        <test-method status="PASS" signature="emailSubScribe()[pri:0, instance:com.snaptrude.tests.EmailSubcription@30a3107a]" name="emailSubScribe" duration-ms="4538" started-at="2018-03-21T20:23:00Z" finished-at="2018-03-21T20:23:04Z">
          <reporter-output>
          </reporter-output>
        </test-method> <!-- emailSubScribe -->
        <test-method status="PASS" signature="tearDown()[pri:0, instance:com.snaptrude.tests.EmailSubcription@30a3107a]" name="tearDown" is-config="true" duration-ms="70" started-at="2018-03-21T20:23:04Z" finished-at="2018-03-21T20:23:04Z">
          <reporter-output>
          </reporter-output>
        </test-method> <!-- tearDown -->
      </class> <!-- com.snaptrude.tests.EmailSubcription -->
    </test> <!-- Default test -->
  </suite> <!-- Default suite -->
</testng-results>
